<?xml version="1.0" encoding="UTF-8"?>
<!-- Generated by org.testng.reporters.JUnitReportReporter -->
<testsuite hostname="John" failures="0" tests="3" name="com.imb.tests.ClassA" time="21.161" errors="0" timestamp="11 Feb 2023 04:29:10 GMT" skipped="0">
  <testcase classname="com.imb.tests.ClassA" name="TC_001" time="5.674"/>
  <testcase classname="com.imb.tests.ClassA" name="TC_001" time="7.598"/>
  <testcase classname="com.imb.tests.ClassA" name="TC_001" time="7.889"/>
</testsuite> <!-- com.imb.tests.ClassA -->
