<?xml version="1.0" encoding="UTF-8"?>
<!-- Generated by org.testng.reporters.JUnitReportReporter -->
<testsuite hostname="John" failures="0" tests="1" name="com.imb.tests.ClassB" time="0.029" errors="0" timestamp="11 Feb 2023 04:03:33 GMT" skipped="0">
  <testcase classname="com.imb.tests.ClassB" name="OJ_007" time="0.029"/>
</testsuite> <!-- com.imb.tests.ClassB -->
