<?xml version="1.0" encoding="UTF-8"?>
<!-- Generated by org.testng.reporters.JUnitReportReporter -->
<testsuite hostname="John" failures="0" tests="1" name="com.imb.tests.LandingTests" time="9.794" errors="0" timestamp="17 Feb 2023 14:45:57 GMT" skipped="0">
  <testcase classname="com.imb.tests.LandingTests" name="TC_343435355" time="9.794"/>
</testsuite> <!-- com.imb.tests.LandingTests -->
