<?xml version="1.0" encoding="UTF-8"?>
<!-- Generated by org.testng.reporters.JUnitReportReporter -->
<testsuite hostname="John" failures="0" tests="1" name="com.imb.tests.LoginTests" time="14.805" errors="0" timestamp="06 Nov 2022 04:35:23 GMT" skipped="0">
  <testcase classname="com.imb.tests.LoginTests" name="TC_001" time="14.805"/>
</testsuite> <!-- com.imb.tests.LoginTests -->
